This is pdfTeX, Version 3.1415926-1.40.11 (TeX Live 2010) (format=pdflatex 2010.7.21)  3 DEC 2010 16:33
entering extended mode
 restricted \write18 enabled.
 file:line:error style messages enabled.
 %&-line parsing enabled.
**\input structural_paraphrases.tex
(./structural_paraphrases.tex
(/usr/local/texlive/2010/texmf-dist/tex/latex/base/article.cls
Document Class: article 2007/10/19 v1.4h Standard LaTeX document class
(/usr/local/texlive/2010/texmf-dist/tex/latex/base/size11.clo
File: size11.clo 2007/10/19 v1.4h Standard LaTeX file (size option)
)
\c@part=\count79
\c@section=\count80
\c@subsection=\count81
\c@subsubsection=\count82
\c@paragraph=\count83
\c@subparagraph=\count84
\c@figure=\count85
\c@table=\count86
\abovecaptionskip=\skip41
\belowcaptionskip=\skip42
\bibindent=\dimen102
) (./acl2010.sty
Conference Style for ACL 2005 -- released Octobe 11, 2004
\titlebox=\skip43
) (/usr/local/texlive/2010/texmf-dist/tex/latex/psnfss/times.sty
Package: times 2005/04/12 PSNFSS-v9.2a (SPQR) 
)
(/usr/local/texlive/2010/texmf-dist/tex/latex/url/url.sty
\Urlmuskip=\muskip10
Package: url 2006/04/12  ver 3.3  Verb mode for urls, etc.
)
(/usr/local/texlive/2010/texmf-dist/tex/latex/base/latexsym.sty
Package: latexsym 1998/08/17 v2.2e Standard LaTeX package (lasy symbols)
\symlasy=\mathgroup4
LaTeX Font Info:    Overwriting symbol font `lasy' in version `bold'
(Font)                  U/lasy/m/n --> U/lasy/b/n on input line 47.
)
(/usr/local/texlive/2010/texmf-dist/tex/latex/graphics/graphicx.sty
Package: graphicx 1999/02/16 v1.0f Enhanced LaTeX Graphics (DPC,SPQR)

(/usr/local/texlive/2010/texmf-dist/tex/latex/graphics/keyval.sty
Package: keyval 1999/03/16 v1.13 key=value parser (DPC)
\KV@toks@=\toks14
)
(/usr/local/texlive/2010/texmf-dist/tex/latex/graphics/graphics.sty
Package: graphics 2009/02/05 v1.0o Standard LaTeX Graphics (DPC,SPQR)

(/usr/local/texlive/2010/texmf-dist/tex/latex/graphics/trig.sty
Package: trig 1999/03/16 v1.09 sin cos tan (DPC)
)
(/usr/local/texlive/2010/texmf-dist/tex/latex/latexconfig/graphics.cfg
File: graphics.cfg 2010/04/23 v1.9 graphics configuration of TeX Live
)
Package graphics Info: Driver file: pdftex.def on input line 91.

(/usr/local/texlive/2010/texmf-dist/tex/latex/pdftex-def/pdftex.def
File: pdftex.def 2010/02/14 v0.04n Graphics/color for pdfTeX
\Gread@gobject=\count87
))
\Gin@req@height=\dimen103
\Gin@req@width=\dimen104
)
(./structural_paraphrases.aux)
\openout1 = `structural_paraphrases.aux'.

LaTeX Font Info:    Checking defaults for OML/cmm/m/it on input line 18.
LaTeX Font Info:    ... okay on input line 18.
LaTeX Font Info:    Checking defaults for T1/cmr/m/n on input line 18.
LaTeX Font Info:    ... okay on input line 18.
LaTeX Font Info:    Checking defaults for OT1/cmr/m/n on input line 18.
LaTeX Font Info:    ... okay on input line 18.
LaTeX Font Info:    Checking defaults for OMS/cmsy/m/n on input line 18.
LaTeX Font Info:    ... okay on input line 18.
LaTeX Font Info:    Checking defaults for OMX/cmex/m/n on input line 18.
LaTeX Font Info:    ... okay on input line 18.
LaTeX Font Info:    Checking defaults for U/cmr/m/n on input line 18.
LaTeX Font Info:    ... okay on input line 18.
LaTeX Font Info:    Try loading font information for OT1+ptm on input line 18.

(/usr/local/texlive/2010/texmf-dist/tex/latex/psnfss/ot1ptm.fd
File: ot1ptm.fd 2001/06/04 font definitions for OT1/ptm.
)
(/usr/local/texlive/2010/texmf-dist/tex/context/base/supp-pdf.mkii
[Loading MPS to PDF converter (version 2006.09.02).]
\scratchcounter=\count88
\scratchdimen=\dimen105
\scratchbox=\box26
\nofMPsegments=\count89
\nofMParguments=\count90
\everyMPshowfont=\toks15
\MPscratchCnt=\count91
\MPscratchDim=\dimen106
\MPnumerator=\count92
\everyMPtoPDFconversion=\toks16
) (/usr/local/texlive/2010/texmf-dist/tex/generic/oberdiek/pdftexcmds.sty
Package: pdftexcmds 2010/04/01 v0.9 Utility functions of pdfTeX for LuaTeX (HO)


(/usr/local/texlive/2010/texmf-dist/tex/generic/oberdiek/infwarerr.sty
Package: infwarerr 2010/04/08 v1.3 Providing info/warning/message (HO)
)
(/usr/local/texlive/2010/texmf-dist/tex/generic/oberdiek/ifluatex.sty
Package: ifluatex 2010/03/01 v1.3 Provides the ifluatex switch (HO)
Package ifluatex Info: LuaTeX not detected.
)
(/usr/local/texlive/2010/texmf-dist/tex/generic/oberdiek/ltxcmds.sty
Package: ltxcmds 2010/04/26 v1.7 LaTeX kernel commands for general use (HO)
)
Package pdftexcmds Info: LuaTeX not detected.
Package pdftexcmds Info: \pdf@primitive is available.
Package pdftexcmds Info: \pdf@ifprimitive is available.
)
(/usr/local/texlive/2010/texmf-dist/tex/latex/oberdiek/epstopdf-base.sty
Package: epstopdf-base 2010/02/09 v2.5 Base part for package epstopdf

(/usr/local/texlive/2010/texmf-dist/tex/latex/oberdiek/grfext.sty
Package: grfext 2007/09/30 v1.0 Managing graphics extensions (HO)
)
(/usr/local/texlive/2010/texmf-dist/tex/latex/oberdiek/kvoptions.sty
Package: kvoptions 2010/02/22 v3.7 Keyval support for LaTeX options (HO)

(/usr/local/texlive/2010/texmf-dist/tex/generic/oberdiek/kvsetkeys.sty
Package: kvsetkeys 2010/03/01 v1.9 Key value parser (HO)

(/usr/local/texlive/2010/texmf-dist/tex/generic/oberdiek/etexcmds.sty
Package: etexcmds 2010/01/28 v1.3 Prefix for e-TeX command names (HO)
Package etexcmds Info: Could not find \expanded.
(etexcmds)             That can mean that you are not using pdfTeX 1.50 or
(etexcmds)             that some package has redefined \expanded.
(etexcmds)             In the latter case, load this package earlier.
)))
Package grfext Info: Graphics extension search list:
(grfext)             [.png,.pdf,.jpg,.mps,.jpeg,.jbig2,.jb2,.PNG,.PDF,.JPG,.JPE
G,.JBIG2,.JB2,.eps]
(grfext)             \AppendGraphicsExtensions on input line 436.

(/usr/local/texlive/2010/texmf-dist/tex/latex/latexconfig/epstopdf-sys.cfg
File: epstopdf-sys.cfg 2010/07/13 v1.3 Configuration of (r)epstopdf for TeX Liv
e
))
LaTeX Font Info:    Font shape `OT1/ptm/bx/n' in size <14.4> not available
(Font)              Font shape `OT1/ptm/b/n' tried instead on input line 19.
LaTeX Font Info:    External font `cmex10' loaded for size
(Font)              <12> on input line 19.
LaTeX Font Info:    External font `cmex10' loaded for size
(Font)              <8> on input line 19.
LaTeX Font Info:    External font `cmex10' loaded for size
(Font)              <6> on input line 19.
LaTeX Font Info:    Try loading font information for U+lasy on input line 19.

(/usr/local/texlive/2010/texmf-dist/tex/latex/base/ulasy.fd
File: ulasy.fd 1998/08/17 v2.2e LaTeX symbol font definitions
)
LaTeX Font Info:    Font shape `OT1/ptm/bx/n' in size <12> not available
(Font)              Font shape `OT1/ptm/b/n' tried instead on input line 19.

Underfull \hbox (badness 2150) in paragraph at lines 27--29
\OT1/ptm/m/n/10.95 Motivate para-phras-ing within the field (same
 []


Underfull \hbox (badness 1735) in paragraph at lines 44--54
\OT1/ptm/m/n/10.95 hand make use of the rel-a-tive abun-dance of
 []


Underfull \hbox (badness 2189) in paragraph at lines 62--64
[]\OT1/ptm/m/n/10.95 Reference mono-lin-gual ap-proaches that are
 []


Underfull \hbox (badness 1292) in paragraph at lines 73--82
[]\OT1/ptm/m/n/10.95 We are in-ter-ested in sen-ten-tial para-phrases.
 []


Underfull \hbox (badness 1337) in paragraph at lines 73--82
\OT1/ptm/m/n/10.95 to-mat-i-cally cre-at-ing sig-nif-i-cantly dif-fer-ing ref-
 []

LaTeX Font Info:    External font `cmex10' loaded for size
(Font)              <10.95> on input line 85.

Underfull \hbox (badness 1107) in paragraph at lines 102--107
\OT1/ptm/m/n/10.95 The method we present in this work ex-tends
 []


Underfull \vbox (badness 2521) has occurred while \output is active []

 [1{/usr/local/texlive/2010/texmf-var/fonts/map/pdftex/updmap/pdftex.map}



]
Underfull \hbox (badness 1067) in paragraph at lines 108--111
[]\OT1/ptm/m/n/10.95 Elaborate on this, ref-er-ence the ap-pro-pri-ate
 []

LaTeX Font Info:    Font shape `OT1/ptm/bx/n' in size <10.95> not available
(Font)              Font shape `OT1/ptm/b/n' tried instead on input line 118.
LaTeX Font Info:    Try loading font information for OMS+ptm on input line 150.

(/usr/local/texlive/2010/texmf-dist/tex/latex/psnfss/omsptm.fd
File: omsptm.fd 
)
LaTeX Font Info:    Font shape `OMS/ptm/m/n' in size <10.95> not available
(Font)              Font shape `OMS/cmsy/m/n' tried instead on input line 150.

Underfull \hbox (badness 1735) in paragraph at lines 152--154
\OT1/ptm/m/n/10.95 di-ca-tor fea-tures (re-ordering, punc-tu-a-tion,
 []

(./structural_paraphrases.bbl [2]
Underfull \hbox (badness 2726) in paragraph at lines 36--40
\OT1/ptm/m/n/10 borne.  2006.  Im-proved sta-tis-ti-cal ma-chine
 []


Underfull \hbox (badness 2762) in paragraph at lines 142--148
[]\OT1/ptm/m/n/10 Lidija Ior-dan-skaja, Richard Kit-tredge, and Alain
 []


Underfull \hbox (badness 1365) in paragraph at lines 168--174
[]\OT1/ptm/m/n/10 Zhifei Li, Chris Callison-Burch, Chris Dyer, Juri
 []

[3]
Underfull \hbox (badness 1019) in paragraph at lines 204--209
[]\OT1/ptm/m/n/10 Bonnie Dorr Matthew Snover, Nitin Mad-nani and
 []


Underfull \hbox (badness 1189) in paragraph at lines 211--216
\OT1/ptm/m/n/10 Syntax-based align-ment of mul-ti-ple trans-la-tions:
 []


Underfull \hbox (badness 1173) in paragraph at lines 211--216
\OT1/ptm/m/n/10 Ex-tract-ing para-phrases and gen-er-at-ing new sen-
 []


Underfull \hbox (badness 1546) in paragraph at lines 218--222
[]\OT1/ptm/m/n/10 Chris Quirk, Chris Brock-ett, and William Dolan.
 []


Underfull \hbox (badness 10000) in paragraph at lines 230--236
[]\OT1/ptm/m/n/10 Stefan Rie-zler, Alexan-der Vasser-man, Ioan-nis
 []

) [4

] (./structural_paraphrases.aux) ) 
Here is how much of TeX's memory you used:
 1555 strings out of 493747
 22239 string characters out of 3143546
 81939 words of memory out of 3000000
 4828 multiletter control sequences out of 15000+200000
 21224 words of font info for 47 fonts, out of 3000000 for 9000
 714 hyphenation exceptions out of 8191
 37i,9n,23p,255b,224s stack positions out of 5000i,500n,10000p,200000b,50000s
{/usr/local/texlive/2010/texmf-dist/fonts/enc
/dvips/base/8r.enc}</usr/local/texlive/2010/texmf-dist/fonts/type1/public/amsfo
nts/cm/cmmi10.pfb></usr/local/texlive/2010/texmf-dist/fonts/type1/public/amsfon
ts/cm/cmsy10.pfb></usr/local/texlive/2010/texmf-dist/fonts/type1/urw/times/utmb
8a.pfb></usr/local/texlive/2010/texmf-dist/fonts/type1/urw/times/utmr8a.pfb></u
sr/local/texlive/2010/texmf-dist/fonts/type1/urw/times/utmri8a.pfb>
Output written on structural_paraphrases.pdf (4 pages, 77521 bytes).
PDF statistics:
 38 PDF objects out of 1000 (max. 8388607)
 26 compressed objects within 1 object stream
 0 named destinations out of 1000 (max. 500000)
 1 words of extra memory for PDF output out of 10000 (max. 10000000)

